Using pre-set license
Built from '2020.3/release' branch; Version is '2020.3.12f1 (b3b2c6512326) revision 11776710'; Using compiler version '192528614'; Build Type 'Release'
OS: 'Windows 10 Education; OS build 19042.1110; Version 2009; 64bit' Language: 'en' Physical Memory: 12171 MB
BatchMode: 1, IsHumanControllingUs: 0, StartBugReporterOnCrash: 0, Is64bit: 1, IsPro: 0

 COMMAND LINE ARGUMENTS:
C:\Program Files\UNITY\2020.3.12f1\Editor\Unity.exe
-adb2
-batchMode
-noUpm
-name
AssetImportWorker0
-projectPath
C:/Unity Project/Traffic-Drive/Traffic Drive
-logFile
Logs/AssetImportWorker0.log
-srvPort
51243
Successfully changed project path to: C:/Unity Project/Traffic-Drive/Traffic Drive
C:/Unity Project/Traffic-Drive/Traffic Drive
Using Asset Import Pipeline V2.
Refreshing native plugins compatible for Editor in 69.13 ms, found 2 plugins.
Preloading 0 native plugins for Editor in 0.00 ms.
Initialize engine version: 2020.3.12f1 (b3b2c6512326)
[Subsystems] Discovering subsystems at path C:/Program Files/UNITY/2020.3.12f1/Editor/Data/Resources/UnitySubsystems
[Subsystems] Discovering subsystems at path C:/Unity Project/Traffic-Drive/Traffic Drive/Assets
GfxDevice: creating device client; threaded=0
Direct3D:
    Version:  Direct3D 11.0 [level 11.0]
    Renderer: NVIDIA GeForce 930MX (ID=0x134e)
    Vendor:   
    VRAM:     2010 MB
    Driver:   27.21.14.5167
Shader 'Universal Render Pipeline/Particles/Lit': fallback shader 'Universal Render Pipeline/Particles/SimpleLit' not found
Initialize mono
Mono path[0] = 'C:/Program Files/UNITY/2020.3.12f1/Editor/Data/Managed'
Mono path[1] = 'C:/Program Files/UNITY/2020.3.12f1/Editor/Data/MonoBleedingEdge/lib/mono/unityjit'
Mono config path = 'C:/Program Files/UNITY/2020.3.12f1/Editor/Data/MonoBleedingEdge/etc'
Using monoOptions --debugger-agent=transport=dt_socket,embedding=1,server=y,suspend=n,address=127.0.0.1:56028
Begin MonoManager ReloadAssembly
Registering precompiled unity dll's ...
Register platform support module: C:/Program Files/UNITY/2020.3.12f1/Editor/Data/PlaybackEngines/WindowsStandaloneSupport/UnityEditor.WindowsStandalone.Extensions.dll
Registered in 0.002773 seconds.
Native extension for WindowsStandalone target not found
Refreshing native plugins compatible for Editor in 65.86 ms, found 2 plugins.
Preloading 0 native plugins for Editor in 0.00 ms.
Mono: successfully reloaded assembly
- Completed reload, in  2.471 seconds
Platform modules already initialized, skipping
Registering precompiled user dll's ...
Registered in 0.006281 seconds.
Begin MonoManager ReloadAssembly
Native extension for WindowsStandalone target not found
Refreshing native plugins compatible for Editor in 68.42 ms, found 2 plugins.
Preloading 0 native plugins for Editor in 0.00 ms.
Mono: successfully reloaded assembly
- Completed reload, in  1.460 seconds
Platform modules already initialized, skipping
========================================================================
Worker process is ready to serve import requests
Shader 'Universal Render Pipeline/Particles/Lit': fallback shader 'Universal Render Pipeline/Particles/SimpleLit' not found
Launched and connected shader compiler UnityShaderCompiler.exe after 0.06 seconds
Refreshing native plugins compatible for Editor in 0.56 ms, found 2 plugins.
Preloading 0 native plugins for Editor in 0.00 ms.
Unloading 2818 Unused Serialized files (Serialized files now loaded: 0)
System memory in use before: 145.9 MB.
System memory in use after: 146.0 MB.

Unloading 19 unused Assets to reduce memory usage. Loaded Objects now: 3271.
Total: 3.492400 ms (FindLiveObjects: 0.318000 ms CreateObjectMapping: 0.249100 ms MarkObjects: 2.802500 ms  DeleteObjects: 0.121500 ms)

AssetImportParameters requested are different than current active one (requested -> active):
  custom:framework-win-MediaFoundation: 216162199b28c13a410421893ffa2e32 -> 
  custom:video-decoder-ogg-theora: a1e56fd34408186e4bbccfd4996cb3dc -> 
  custom:container-muxer-webm: aa71ff27fc2769a1b78a27578f13a17b -> 
  custom:container-demuxer-webm: 4f35f7cbe854078d1ac9338744f61a02 -> 
  custom:container-demuxer-ogg: 62fdf1f143b41e24485cea50d1cbac27 -> 
  custom:video-encoder-webm-vp8: eb34c28f22e8b96e1ab97ce403110664 -> 
  custom:video-decoder-webm-vp8: 9c59270c3fd7afecdb556c50c9e8de78 -> 
  custom:audio-decoder-ogg-vorbis: bf7c407c2cedff20999df2af8eb42d56 -> 
  custom:audio-encoder-webm-vorbis: bf7c407c2cedff20999df2af8eb42d56 -> 
========================================================================
Received Import Request.
  path: Assets/Models/jalanan.blend
  artifactKey: Guid(930140c33e462954caaf6a75233024ae) Importer(815301076,1909f56bfc062723c751e8b465ee728b)
Start importing Assets/Models/jalanan.blend using Guid(930140c33e462954caaf6a75233024ae) Importer(815301076,1909f56bfc062723c751e8b465ee728b)  -> (artifact id: '65e9db1298584e6f6d19b4b7065bc84f') in 0.640621 seconds 
  Import took 0.647725 seconds .

========================================================================
Received Import Request.
  Time since last request: 23.274821 seconds.
  path: Assets/Models/jalanan.blend
  artifactKey: Guid(930140c33e462954caaf6a75233024ae) Importer(815301076,1909f56bfc062723c751e8b465ee728b)
Start importing Assets/Models/jalanan.blend using Guid(930140c33e462954caaf6a75233024ae) Importer(815301076,1909f56bfc062723c751e8b465ee728b)  -> (artifact id: 'c69609b8b65e0cad8af7f74d8f366be1') in 0.320551 seconds 
  Import took 0.326506 seconds .

========================================================================
Received Import Request.
  Time since last request: 278.689114 seconds.
  path: Assets/Materials/New Material 3.mat
  artifactKey: Guid(849be16b799dba04d8689fd5c44d6341) Importer(815301076,1909f56bfc062723c751e8b465ee728b)
Start importing Assets/Materials/New Material 3.mat using Guid(849be16b799dba04d8689fd5c44d6341) Importer(815301076,1909f56bfc062723c751e8b465ee728b)  -> (artifact id: '73fd9b9a60ac384e4ce0dc8f3218586e') in 0.048459 seconds 
  Import took 0.056584 seconds .

========================================================================
Received Import Request.
  Time since last request: 0.855529 seconds.
  path: Assets/Materials/Repeating.mat
  artifactKey: Guid(81c912c193a7d2e4fb8494911007d0e7) Importer(815301076,1909f56bfc062723c751e8b465ee728b)
Start importing Assets/Materials/Repeating.mat using Guid(81c912c193a7d2e4fb8494911007d0e7) Importer(815301076,1909f56bfc062723c751e8b465ee728b)  -> (artifact id: '67061020e9847037f227f8956e27e977') in 0.042550 seconds 
  Import took 0.051868 seconds .

========================================================================
Received Import Request.
  Time since last request: 716.693903 seconds.
  path: Assets/Models/jalanan.blend
  artifactKey: Guid(930140c33e462954caaf6a75233024ae) Importer(815301076,1909f56bfc062723c751e8b465ee728b)
Start importing Assets/Models/jalanan.blend using Guid(930140c33e462954caaf6a75233024ae) Importer(815301076,1909f56bfc062723c751e8b465ee728b)  -> (artifact id: '39bbf9d1944ae36769df37cbbd00ac69') in 0.301021 seconds 
  Import took 0.309756 seconds .

========================================================================
Received Prepare
Registering precompiled user dll's ...
Registered in 0.005817 seconds.
Begin MonoManager ReloadAssembly
Native extension for WindowsStandalone target not found
Refreshing native plugins compatible for Editor in 0.78 ms, found 2 plugins.
Preloading 0 native plugins for Editor in 0.00 ms.
Mono: successfully reloaded assembly
- Completed reload, in  2.061 seconds
Platform modules already initialized, skipping
Shader 'Universal Render Pipeline/Particles/Lit': fallback shader 'Universal Render Pipeline/Particles/SimpleLit' not found
Refreshing native plugins compatible for Editor in 0.66 ms, found 2 plugins.
Preloading 0 native plugins for Editor in 0.00 ms.
Unloading 2681 Unused Serialized files (Serialized files now loaded: 0)
System memory in use before: 141.9 MB.
System memory in use after: 142.1 MB.

Unloading 15 unused Assets to reduce memory usage. Loaded Objects now: 3355.
Total: 3.225200 ms (FindLiveObjects: 0.320800 ms CreateObjectMapping: 0.187900 ms MarkObjects: 2.608300 ms  DeleteObjects: 0.106900 ms)

AssetImportParameters requested are different than current active one (requested -> active):
  custom:framework-win-MediaFoundation: 216162199b28c13a410421893ffa2e32 -> 
  custom:video-decoder-ogg-theora: a1e56fd34408186e4bbccfd4996cb3dc -> 
  custom:container-muxer-webm: aa71ff27fc2769a1b78a27578f13a17b -> 
  custom:container-demuxer-webm: 4f35f7cbe854078d1ac9338744f61a02 -> 
  custom:container-demuxer-ogg: 62fdf1f143b41e24485cea50d1cbac27 -> 
  custom:video-encoder-webm-vp8: eb34c28f22e8b96e1ab97ce403110664 -> 
  custom:video-decoder-webm-vp8: 9c59270c3fd7afecdb556c50c9e8de78 -> 
  custom:audio-decoder-ogg-vorbis: bf7c407c2cedff20999df2af8eb42d56 -> 
  custom:audio-encoder-webm-vorbis: bf7c407c2cedff20999df2af8eb42d56 -> 
========================================================================
Received Prepare
Registering precompiled user dll's ...
Registered in 0.006100 seconds.
Begin MonoManager ReloadAssembly
Native extension for WindowsStandalone target not found
Refreshing native plugins compatible for Editor in 0.59 ms, found 2 plugins.
Preloading 0 native plugins for Editor in 0.00 ms.
Mono: successfully reloaded assembly
- Completed reload, in  1.378 seconds
Platform modules already initialized, skipping
Shader 'Universal Render Pipeline/Particles/Lit': fallback shader 'Universal Render Pipeline/Particles/SimpleLit' not found
Refreshing native plugins compatible for Editor in 0.57 ms, found 2 plugins.
Preloading 0 native plugins for Editor in 0.00 ms.
Unloading 2681 Unused Serialized files (Serialized files now loaded: 0)
System memory in use before: 141.9 MB.
System memory in use after: 142.1 MB.

Unloading 15 unused Assets to reduce memory usage. Loaded Objects now: 3358.
Total: 3.341100 ms (FindLiveObjects: 0.372600 ms CreateObjectMapping: 0.198600 ms MarkObjects: 2.614200 ms  DeleteObjects: 0.154100 ms)

AssetImportParameters requested are different than current active one (requested -> active):
  custom:framework-win-MediaFoundation: 216162199b28c13a410421893ffa2e32 -> 
  custom:video-decoder-ogg-theora: a1e56fd34408186e4bbccfd4996cb3dc -> 
  custom:container-muxer-webm: aa71ff27fc2769a1b78a27578f13a17b -> 
  custom:container-demuxer-webm: 4f35f7cbe854078d1ac9338744f61a02 -> 
  custom:container-demuxer-ogg: 62fdf1f143b41e24485cea50d1cbac27 -> 
  custom:video-encoder-webm-vp8: eb34c28f22e8b96e1ab97ce403110664 -> 
  custom:video-decoder-webm-vp8: 9c59270c3fd7afecdb556c50c9e8de78 -> 
  custom:audio-decoder-ogg-vorbis: bf7c407c2cedff20999df2af8eb42d56 -> 
  custom:audio-encoder-webm-vorbis: bf7c407c2cedff20999df2af8eb42d56 -> 
========================================================================
Received Prepare
Registering precompiled user dll's ...
Registered in 0.005857 seconds.
Begin MonoManager ReloadAssembly
Native extension for WindowsStandalone target not found
Refreshing native plugins compatible for Editor in 1.20 ms, found 2 plugins.
Preloading 0 native plugins for Editor in 0.00 ms.
Mono: successfully reloaded assembly
- Completed reload, in  1.680 seconds
Platform modules already initialized, skipping
Shader 'Universal Render Pipeline/Particles/Lit': fallback shader 'Universal Render Pipeline/Particles/SimpleLit' not found
Refreshing native plugins compatible for Editor in 1.05 ms, found 2 plugins.
Preloading 0 native plugins for Editor in 0.00 ms.
Unloading 2681 Unused Serialized files (Serialized files now loaded: 0)
System memory in use before: 141.9 MB.
System memory in use after: 142.1 MB.

Unloading 15 unused Assets to reduce memory usage. Loaded Objects now: 3361.
Total: 4.746900 ms (FindLiveObjects: 1.028900 ms CreateObjectMapping: 0.286500 ms MarkObjects: 3.283400 ms  DeleteObjects: 0.146000 ms)

AssetImportParameters requested are different than current active one (requested -> active):
  custom:framework-win-MediaFoundation: 216162199b28c13a410421893ffa2e32 -> 
  custom:video-decoder-ogg-theora: a1e56fd34408186e4bbccfd4996cb3dc -> 
  custom:container-muxer-webm: aa71ff27fc2769a1b78a27578f13a17b -> 
  custom:container-demuxer-webm: 4f35f7cbe854078d1ac9338744f61a02 -> 
  custom:container-demuxer-ogg: 62fdf1f143b41e24485cea50d1cbac27 -> 
  custom:video-encoder-webm-vp8: eb34c28f22e8b96e1ab97ce403110664 -> 
  custom:video-decoder-webm-vp8: 9c59270c3fd7afecdb556c50c9e8de78 -> 
  custom:audio-decoder-ogg-vorbis: bf7c407c2cedff20999df2af8eb42d56 -> 
  custom:audio-encoder-webm-vorbis: bf7c407c2cedff20999df2af8eb42d56 -> 
========================================================================
Received Import Request.
  Time since last request: 2228.616389 seconds.
  path: Assets/Textures/Arrow.png
  artifactKey: Guid(08014e17e70f62144a5ba99212f3fd30) Importer(815301076,1909f56bfc062723c751e8b465ee728b)
Start importing Assets/Textures/Arrow.png using Guid(08014e17e70f62144a5ba99212f3fd30) Importer(815301076,1909f56bfc062723c751e8b465ee728b)  -> (artifact id: '94b14bbf29ca05287c4e15a1e60017ea') in 0.167278 seconds 
  Import took 0.174926 seconds .

========================================================================
Received Prepare
Registering precompiled user dll's ...
Registered in 0.005910 seconds.
Begin MonoManager ReloadAssembly
Native extension for WindowsStandalone target not found
Refreshing native plugins compatible for Editor in 0.57 ms, found 2 plugins.
Preloading 0 native plugins for Editor in 0.00 ms.
Mono: successfully reloaded assembly
- Completed reload, in  1.406 seconds
Platform modules already initialized, skipping
Shader 'Universal Render Pipeline/Particles/Lit': fallback shader 'Universal Render Pipeline/Particles/SimpleLit' not found
Refreshing native plugins compatible for Editor in 0.56 ms, found 2 plugins.
Preloading 0 native plugins for Editor in 0.00 ms.
Unloading 2681 Unused Serialized files (Serialized files now loaded: 0)
System memory in use before: 142.0 MB.
System memory in use after: 142.2 MB.

Unloading 15 unused Assets to reduce memory usage. Loaded Objects now: 3365.
Total: 3.976800 ms (FindLiveObjects: 0.477800 ms CreateObjectMapping: 0.242600 ms MarkObjects: 3.118700 ms  DeleteObjects: 0.134900 ms)

AssetImportParameters requested are different than current active one (requested -> active):
  custom:framework-win-MediaFoundation: 216162199b28c13a410421893ffa2e32 -> 
  custom:video-decoder-ogg-theora: a1e56fd34408186e4bbccfd4996cb3dc -> 
  custom:container-muxer-webm: aa71ff27fc2769a1b78a27578f13a17b -> 
  custom:container-demuxer-webm: 4f35f7cbe854078d1ac9338744f61a02 -> 
  custom:container-demuxer-ogg: 62fdf1f143b41e24485cea50d1cbac27 -> 
  custom:video-encoder-webm-vp8: eb34c28f22e8b96e1ab97ce403110664 -> 
  custom:video-decoder-webm-vp8: 9c59270c3fd7afecdb556c50c9e8de78 -> 
  custom:audio-decoder-ogg-vorbis: bf7c407c2cedff20999df2af8eb42d56 -> 
  custom:audio-encoder-webm-vorbis: bf7c407c2cedff20999df2af8eb42d56 -> 
========================================================================
Received Import Request.
  Time since last request: 2463.620265 seconds.
  path: Assets/New Terrain.asset
  artifactKey: Guid(44072665f34b74d48aa3e372bec19406) Importer(815301076,1909f56bfc062723c751e8b465ee728b)
Start importing Assets/New Terrain.asset using Guid(44072665f34b74d48aa3e372bec19406) Importer(815301076,1909f56bfc062723c751e8b465ee728b)  -> (artifact id: 'a928ce6e019a1c86c18e88e45b94abc9') in 0.110807 seconds 
  Import took 0.136796 seconds .

========================================================================
Received Prepare
Registering precompiled user dll's ...
Registered in 0.005817 seconds.
Begin MonoManager ReloadAssembly
Native extension for WindowsStandalone target not found
Refreshing native plugins compatible for Editor in 0.58 ms, found 2 plugins.
Preloading 0 native plugins for Editor in 0.00 ms.
Mono: successfully reloaded assembly
- Completed reload, in  1.396 seconds
Platform modules already initialized, skipping
Shader 'Universal Render Pipeline/Particles/Lit': fallback shader 'Universal Render Pipeline/Particles/SimpleLit' not found
Refreshing native plugins compatible for Editor in 0.56 ms, found 2 plugins.
Preloading 0 native plugins for Editor in 0.00 ms.
Unloading 2687 Unused Serialized files (Serialized files now loaded: 0)
System memory in use before: 143.7 MB.
System memory in use after: 143.9 MB.

Unloading 15 unused Assets to reduce memory usage. Loaded Objects now: 3375.
Total: 3.173500 ms (FindLiveObjects: 0.425200 ms CreateObjectMapping: 0.173200 ms MarkObjects: 2.461300 ms  DeleteObjects: 0.112600 ms)

AssetImportParameters requested are different than current active one (requested -> active):
  custom:framework-win-MediaFoundation: 216162199b28c13a410421893ffa2e32 -> 
  custom:video-decoder-ogg-theora: a1e56fd34408186e4bbccfd4996cb3dc -> 
  custom:container-muxer-webm: aa71ff27fc2769a1b78a27578f13a17b -> 
  custom:container-demuxer-webm: 4f35f7cbe854078d1ac9338744f61a02 -> 
  custom:container-demuxer-ogg: 62fdf1f143b41e24485cea50d1cbac27 -> 
  custom:video-encoder-webm-vp8: eb34c28f22e8b96e1ab97ce403110664 -> 
  custom:video-decoder-webm-vp8: 9c59270c3fd7afecdb556c50c9e8de78 -> 
  custom:audio-decoder-ogg-vorbis: bf7c407c2cedff20999df2af8eb42d56 -> 
  custom:audio-encoder-webm-vorbis: bf7c407c2cedff20999df2af8eb42d56 -> 
========================================================================
Received Prepare
Registering precompiled user dll's ...
Registered in 0.008875 seconds.
Begin MonoManager ReloadAssembly
Native extension for WindowsStandalone target not found
Refreshing native plugins compatible for Editor in 0.60 ms, found 2 plugins.
Preloading 0 native plugins for Editor in 0.00 ms.
Mono: successfully reloaded assembly
- Completed reload, in  1.390 seconds
Platform modules already initialized, skipping
Shader 'Universal Render Pipeline/Particles/Lit': fallback shader 'Universal Render Pipeline/Particles/SimpleLit' not found
Refreshing native plugins compatible for Editor in 0.59 ms, found 2 plugins.
Preloading 0 native plugins for Editor in 0.00 ms.
Unloading 2681 Unused Serialized files (Serialized files now loaded: 0)
System memory in use before: 143.4 MB.
System memory in use after: 143.6 MB.

Unloading 15 unused Assets to reduce memory usage. Loaded Objects now: 3378.
Total: 3.150500 ms (FindLiveObjects: 0.324600 ms CreateObjectMapping: 0.300100 ms MarkObjects: 2.419700 ms  DeleteObjects: 0.104700 ms)

AssetImportParameters requested are different than current active one (requested -> active):
  custom:framework-win-MediaFoundation: 216162199b28c13a410421893ffa2e32 -> 
  custom:video-decoder-ogg-theora: a1e56fd34408186e4bbccfd4996cb3dc -> 
  custom:container-muxer-webm: aa71ff27fc2769a1b78a27578f13a17b -> 
  custom:container-demuxer-webm: 4f35f7cbe854078d1ac9338744f61a02 -> 
  custom:container-demuxer-ogg: 62fdf1f143b41e24485cea50d1cbac27 -> 
  custom:video-encoder-webm-vp8: eb34c28f22e8b96e1ab97ce403110664 -> 
  custom:video-decoder-webm-vp8: 9c59270c3fd7afecdb556c50c9e8de78 -> 
  custom:audio-decoder-ogg-vorbis: bf7c407c2cedff20999df2af8eb42d56 -> 
  custom:audio-encoder-webm-vorbis: bf7c407c2cedff20999df2af8eb42d56 -> 
========================================================================
Received Import Request.
  Time since last request: 2199.379018 seconds.
  path: Assets/Materials/Arrow.mat
  artifactKey: Guid(e3f758ca8ff2839498b38f5219fee72b) Importer(815301076,1909f56bfc062723c751e8b465ee728b)
Start importing Assets/Materials/Arrow.mat using Guid(e3f758ca8ff2839498b38f5219fee72b) Importer(815301076,1909f56bfc062723c751e8b465ee728b)  -> (artifact id: '808e2c20799e82d6004a684310631d8c') in 0.250324 seconds 
  Import took 0.262709 seconds .

========================================================================
Received Import Request.
  Time since last request: 0.000280 seconds.
  path: Assets/Materials/Ijo Muda.mat
  artifactKey: Guid(466e97ccae71aae498bf3c55fa476aca) Importer(815301076,1909f56bfc062723c751e8b465ee728b)
Start importing Assets/Materials/Ijo Muda.mat using Guid(466e97ccae71aae498bf3c55fa476aca) Importer(815301076,1909f56bfc062723c751e8b465ee728b)  -> (artifact id: 'c27a877780aaf18e8720f2bfd7e5b2fe') in 0.073503 seconds 
  Import took 0.085665 seconds .

========================================================================
Received Import Request.
  Time since last request: 9.761283 seconds.
  path: Assets/Materials/Arrow 3 Tile.mat
  artifactKey: Guid(e3f758ca8ff2839498b38f5219fee72b) Importer(815301076,1909f56bfc062723c751e8b465ee728b)
Start importing Assets/Materials/Arrow 3 Tile.mat using Guid(e3f758ca8ff2839498b38f5219fee72b) Importer(815301076,1909f56bfc062723c751e8b465ee728b)  -> (artifact id: '48f53d25e8be2ca2a09ef8e71bcbb9a1') in 0.037098 seconds 
  Import took 0.046220 seconds .

========================================================================
Received Import Request.
  Time since last request: 211.613317 seconds.
  path: Assets/Prefabs/Trigger 1 arah.prefab
  artifactKey: Guid(fe69fe01ef4e5894586008684b1e4dac) Importer(815301076,1909f56bfc062723c751e8b465ee728b)
Start importing Assets/Prefabs/Trigger 1 arah.prefab using Guid(fe69fe01ef4e5894586008684b1e4dac) Importer(815301076,1909f56bfc062723c751e8b465ee728b)  -> (artifact id: '6c003210058ac87916af09b996b3417c') in 0.050091 seconds 
  Import took 0.059828 seconds .

========================================================================
Received Import Request.
  Time since last request: 463.792446 seconds.
  path: Assets/Textures/Arrow Normal.png
  artifactKey: Guid(edc2934c0796129408e1a4f658bc2c78) Importer(815301076,1909f56bfc062723c751e8b465ee728b)
Start importing Assets/Textures/Arrow Normal.png using Guid(edc2934c0796129408e1a4f658bc2c78) Importer(815301076,1909f56bfc062723c751e8b465ee728b)  -> (artifact id: '525a98cab37820fee2998c08470dd7f2') in 0.032056 seconds 
  Import took 0.040532 seconds .

========================================================================
Received Import Request.
  Time since last request: 13.481251 seconds.
  path: Assets/Textures/Arrow Cross.png
  artifactKey: Guid(08014e17e70f62144a5ba99212f3fd30) Importer(815301076,1909f56bfc062723c751e8b465ee728b)
Start importing Assets/Textures/Arrow Cross.png using Guid(08014e17e70f62144a5ba99212f3fd30) Importer(815301076,1909f56bfc062723c751e8b465ee728b)  -> (artifact id: '619df0664b1274ce8113240a546a2fcf') in 0.030159 seconds 
  Import took 0.037113 seconds .

========================================================================
Received Import Request.
  Time since last request: 0.002447 seconds.
  path: Assets/Textures/Arrow Cross.png
  artifactKey: Guid(08014e17e70f62144a5ba99212f3fd30) Importer(815301076,1909f56bfc062723c751e8b465ee728b)
Start importing Assets/Textures/Arrow Cross.png using Guid(08014e17e70f62144a5ba99212f3fd30) Importer(815301076,1909f56bfc062723c751e8b465ee728b)  -> (artifact id: '619df0664b1274ce8113240a546a2fcf') in 0.013792 seconds 
  Import took 0.022629 seconds .

========================================================================
Received Prepare
Registering precompiled user dll's ...
Registered in 0.005792 seconds.
Begin MonoManager ReloadAssembly
Native extension for WindowsStandalone target not found
Refreshing native plugins compatible for Editor in 0.66 ms, found 2 plugins.
Preloading 0 native plugins for Editor in 0.00 ms.
Mono: successfully reloaded assembly
- Completed reload, in  1.463 seconds
Platform modules already initialized, skipping
Shader 'Universal Render Pipeline/Particles/Lit': fallback shader 'Universal Render Pipeline/Particles/SimpleLit' not found
Refreshing native plugins compatible for Editor in 0.58 ms, found 2 plugins.
Preloading 0 native plugins for Editor in 0.00 ms.
Unloading 2681 Unused Serialized files (Serialized files now loaded: 0)
System memory in use before: 143.5 MB.
System memory in use after: 143.7 MB.

Unloading 15 unused Assets to reduce memory usage. Loaded Objects now: 3418.
Total: 3.227200 ms (FindLiveObjects: 0.355600 ms CreateObjectMapping: 0.184300 ms MarkObjects: 2.576200 ms  DeleteObjects: 0.109500 ms)

AssetImportParameters requested are different than current active one (requested -> active):
  custom:framework-win-MediaFoundation: 216162199b28c13a410421893ffa2e32 -> 
  custom:video-decoder-ogg-theora: a1e56fd34408186e4bbccfd4996cb3dc -> 
  custom:container-muxer-webm: aa71ff27fc2769a1b78a27578f13a17b -> 
  custom:container-demuxer-webm: 4f35f7cbe854078d1ac9338744f61a02 -> 
  custom:container-demuxer-ogg: 62fdf1f143b41e24485cea50d1cbac27 -> 
  custom:video-encoder-webm-vp8: eb34c28f22e8b96e1ab97ce403110664 -> 
  custom:video-decoder-webm-vp8: 9c59270c3fd7afecdb556c50c9e8de78 -> 
  custom:audio-decoder-ogg-vorbis: bf7c407c2cedff20999df2af8eb42d56 -> 
  custom:audio-encoder-webm-vorbis: bf7c407c2cedff20999df2af8eb42d56 -> 
========================================================================
Received Import Request.
  Time since last request: 912.808019 seconds.
  path: Assets/Materials/Arrow 1.mat
  artifactKey: Guid(e1536ad40958f4141850a9d79b2c9fbf) Importer(815301076,1909f56bfc062723c751e8b465ee728b)
Start importing Assets/Materials/Arrow 1.mat using Guid(e1536ad40958f4141850a9d79b2c9fbf) Importer(815301076,1909f56bfc062723c751e8b465ee728b)  -> (artifact id: '8baf2858515242e9d513b3aad17cac4b') in 0.221937 seconds 
  Import took 0.232050 seconds .

========================================================================
Received Import Request.
  Time since last request: 0.000296 seconds.
  path: Assets/Materials/Repeating.mat
  artifactKey: Guid(81c912c193a7d2e4fb8494911007d0e7) Importer(815301076,1909f56bfc062723c751e8b465ee728b)
Start importing Assets/Materials/Repeating.mat using Guid(81c912c193a7d2e4fb8494911007d0e7) Importer(815301076,1909f56bfc062723c751e8b465ee728b)  -> (artifact id: 'ae605ef2aa75ee1719576442877ccff2') in 0.039426 seconds 
  Import took 0.045774 seconds .

========================================================================
Received Import Request.
  Time since last request: 18.799258 seconds.
  path: Assets/Materials/Arrow 3x1.mat
  artifactKey: Guid(e3f758ca8ff2839498b38f5219fee72b) Importer(815301076,1909f56bfc062723c751e8b465ee728b)
Start importing Assets/Materials/Arrow 3x1.mat using Guid(e3f758ca8ff2839498b38f5219fee72b) Importer(815301076,1909f56bfc062723c751e8b465ee728b)  -> (artifact id: '031b87748cdfb87acd536e6b8d6b3e17') in 0.039110 seconds 
  Import took 0.050973 seconds .

========================================================================
Received Import Request.
  Time since last request: 0.007005 seconds.
  path: Assets/Materials/Arrow 3x1.mat
  artifactKey: Guid(e3f758ca8ff2839498b38f5219fee72b) Importer(815301076,1909f56bfc062723c751e8b465ee728b)
Start importing Assets/Materials/Arrow 3x1.mat using Guid(e3f758ca8ff2839498b38f5219fee72b) Importer(815301076,1909f56bfc062723c751e8b465ee728b)  -> (artifact id: '031b87748cdfb87acd536e6b8d6b3e17') in 0.024596 seconds 
  Import took 0.035940 seconds .

========================================================================
Received Import Request.
  Time since last request: 15.461276 seconds.
  path: Assets/Materials/Arrow 1x1.mat
  artifactKey: Guid(e1536ad40958f4141850a9d79b2c9fbf) Importer(815301076,1909f56bfc062723c751e8b465ee728b)
Start importing Assets/Materials/Arrow 1x1.mat using Guid(e1536ad40958f4141850a9d79b2c9fbf) Importer(815301076,1909f56bfc062723c751e8b465ee728b)  -> (artifact id: '4210c3924d5c7d0f6823adf6238835ce') in 0.029361 seconds 
  Import took 0.037351 seconds .

========================================================================
Received Import Request.
  Time since last request: 22.213636 seconds.
  path: Assets/Materials/Arrow 12 x 1.mat
  artifactKey: Guid(81c912c193a7d2e4fb8494911007d0e7) Importer(815301076,1909f56bfc062723c751e8b465ee728b)
Start importing Assets/Materials/Arrow 12 x 1.mat using Guid(81c912c193a7d2e4fb8494911007d0e7) Importer(815301076,1909f56bfc062723c751e8b465ee728b)  -> (artifact id: 'af0e4bf5b3e567081bf5924b7bd78b3b') in 0.030549 seconds 
  Import took 0.038128 seconds .

========================================================================
Received Import Request.
  Time since last request: 4.915051 seconds.
  path: Assets/Materials/Cross Arrow 1x1.mat
  artifactKey: Guid(e1536ad40958f4141850a9d79b2c9fbf) Importer(815301076,1909f56bfc062723c751e8b465ee728b)
Start importing Assets/Materials/Cross Arrow 1x1.mat using Guid(e1536ad40958f4141850a9d79b2c9fbf) Importer(815301076,1909f56bfc062723c751e8b465ee728b)  -> (artifact id: '902b0fe5bb797790818570095ddf5307') in 0.024057 seconds 
  Import took 0.031657 seconds .

========================================================================
Received Import Request.
  Time since last request: 4.625668 seconds.
  path: Assets/Materials/Cross Arrow 3x1.mat
  artifactKey: Guid(e3f758ca8ff2839498b38f5219fee72b) Importer(815301076,1909f56bfc062723c751e8b465ee728b)
Start importing Assets/Materials/Cross Arrow 3x1.mat using Guid(e3f758ca8ff2839498b38f5219fee72b) Importer(815301076,1909f56bfc062723c751e8b465ee728b)  -> (artifact id: '8729483a3107d019423dbb449709e2ff') in 0.037159 seconds 
  Import took 0.045896 seconds .

========================================================================
Received Import Request.
  Time since last request: 59.060221 seconds.
  path: Assets/Materials/Arrow 5 x 2.mat
  artifactKey: Guid(754f351640299f04c9846ef57a4f4ecc) Importer(815301076,1909f56bfc062723c751e8b465ee728b)
Start importing Assets/Materials/Arrow 5 x 2.mat using Guid(754f351640299f04c9846ef57a4f4ecc) Importer(815301076,1909f56bfc062723c751e8b465ee728b)  -> (artifact id: 'fbbbd23bc49465c8744d99fb7a85dc59') in 0.033373 seconds 
  Import took 0.041219 seconds .

========================================================================
Received Import Request.
  Time since last request: 967.279142 seconds.
  path: Assets/Textures/rambu-lalu-lintas-wajib-bellok-kiri-150x150.png
  artifactKey: Guid(6426c34bcb710c743a9f574faab9dba2) Importer(815301076,1909f56bfc062723c751e8b465ee728b)
Start importing Assets/Textures/rambu-lalu-lintas-wajib-bellok-kiri-150x150.png using Guid(6426c34bcb710c743a9f574faab9dba2) Importer(815301076,1909f56bfc062723c751e8b465ee728b)  -> (artifact id: '9d8cb13b229bb0297b3823bea819e880') in 0.038375 seconds 
  Import took 0.046402 seconds .

========================================================================
Received Prepare
Registering precompiled user dll's ...
Registered in 0.005688 seconds.
Begin MonoManager ReloadAssembly
Native extension for WindowsStandalone target not found
Refreshing native plugins compatible for Editor in 0.71 ms, found 2 plugins.
Preloading 0 native plugins for Editor in 0.00 ms.
Mono: successfully reloaded assembly
- Completed reload, in  1.382 seconds
Platform modules already initialized, skipping
Shader 'Universal Render Pipeline/Particles/Lit': fallback shader 'Universal Render Pipeline/Particles/SimpleLit' not found
Refreshing native plugins compatible for Editor in 0.72 ms, found 2 plugins.
Preloading 0 native plugins for Editor in 0.00 ms.
Unloading 2681 Unused Serialized files (Serialized files now loaded: 0)
System memory in use before: 143.7 MB.
System memory in use after: 143.9 MB.

Unloading 15 unused Assets to reduce memory usage. Loaded Objects now: 3457.
Total: 3.234000 ms (FindLiveObjects: 0.375800 ms CreateObjectMapping: 0.200700 ms MarkObjects: 2.539100 ms  DeleteObjects: 0.116600 ms)

AssetImportParameters requested are different than current active one (requested -> active):
  custom:framework-win-MediaFoundation: 216162199b28c13a410421893ffa2e32 -> 
  custom:video-decoder-ogg-theora: a1e56fd34408186e4bbccfd4996cb3dc -> 
  custom:container-muxer-webm: aa71ff27fc2769a1b78a27578f13a17b -> 
  custom:container-demuxer-webm: 4f35f7cbe854078d1ac9338744f61a02 -> 
  custom:container-demuxer-ogg: 62fdf1f143b41e24485cea50d1cbac27 -> 
  custom:video-encoder-webm-vp8: eb34c28f22e8b96e1ab97ce403110664 -> 
  custom:video-decoder-webm-vp8: 9c59270c3fd7afecdb556c50c9e8de78 -> 
  custom:audio-decoder-ogg-vorbis: bf7c407c2cedff20999df2af8eb42d56 -> 
  custom:audio-encoder-webm-vorbis: bf7c407c2cedff20999df2af8eb42d56 -> 
========================================================================
Received Import Request.
  Time since last request: 2542.502796 seconds.
  path: Assets/Textures/rambu-lalu-lintas-wajib-bellok-kiri-150x150 1.png
  artifactKey: Guid(0868fb2856fb4974fb9b95bcbe493562) Importer(815301076,1909f56bfc062723c751e8b465ee728b)
Start importing Assets/Textures/rambu-lalu-lintas-wajib-bellok-kiri-150x150 1.png using Guid(0868fb2856fb4974fb9b95bcbe493562) Importer(815301076,1909f56bfc062723c751e8b465ee728b)  -> (artifact id: '3ab102d7da464f6e439e0f03c785ae0c') in 0.099942 seconds 
  Import took 0.109243 seconds .

========================================================================
Received Import Request.
  Time since last request: 6.319135 seconds.
  path: Assets/Textures/Dilarang Lurus.jpg
  artifactKey: Guid(7ca0850100c700742ad43fbd40e7a14e) Importer(815301076,1909f56bfc062723c751e8b465ee728b)
Start importing Assets/Textures/Dilarang Lurus.jpg using Guid(7ca0850100c700742ad43fbd40e7a14e) Importer(815301076,1909f56bfc062723c751e8b465ee728b)  -> (artifact id: '8c2bbb2353e99a257bc91d99ee98d98c') in 0.048597 seconds 
  Import took 0.060612 seconds .

========================================================================
Received Import Request.
  Time since last request: 8.499147 seconds.
  path: Assets/Materials/Rambu D Kanan.mat
  artifactKey: Guid(cc549b0343686e24d84279681931ffb4) Importer(815301076,1909f56bfc062723c751e8b465ee728b)
Start importing Assets/Materials/Rambu D Kanan.mat using Guid(cc549b0343686e24d84279681931ffb4) Importer(815301076,1909f56bfc062723c751e8b465ee728b)  -> (artifact id: '9c8ac759da078a1d1e7f481c7bc71ff5') in 0.200743 seconds 
  Import took 0.210252 seconds .

========================================================================
Received Import Request.
  Time since last request: 14.632253 seconds.
  path: Assets/Materials/Dilarang Lurus.mat
  artifactKey: Guid(cc549b0343686e24d84279681931ffb4) Importer(815301076,1909f56bfc062723c751e8b465ee728b)
Start importing Assets/Materials/Dilarang Lurus.mat using Guid(cc549b0343686e24d84279681931ffb4) Importer(815301076,1909f56bfc062723c751e8b465ee728b)  -> (artifact id: 'a6a2ace28816fde2a4a770acaf23eac5') in 0.040231 seconds 
  Import took 0.050659 seconds .

========================================================================
Received Import Request.
  Time since last request: 4.082183 seconds.
  path: Assets/Materials/Wajib Kiri.mat
  artifactKey: Guid(1f1b13df05ab3284598c7ba4c9e3b6cc) Importer(815301076,1909f56bfc062723c751e8b465ee728b)
Start importing Assets/Materials/Wajib Kiri.mat using Guid(1f1b13df05ab3284598c7ba4c9e3b6cc) Importer(815301076,1909f56bfc062723c751e8b465ee728b)  -> (artifact id: '2d1d6795f5f21dd1de40f992938cd209') in 0.036544 seconds 
  Import took 0.044708 seconds .

========================================================================
Received Prepare
Registering precompiled user dll's ...
Registered in 0.006049 seconds.
Begin MonoManager ReloadAssembly
Native extension for WindowsStandalone target not found
Refreshing native plugins compatible for Editor in 0.57 ms, found 2 plugins.
Preloading 0 native plugins for Editor in 0.00 ms.
Mono: successfully reloaded assembly
- Completed reload, in  1.547 seconds
Platform modules already initialized, skipping
Shader 'Universal Render Pipeline/Particles/Lit': fallback shader 'Universal Render Pipeline/Particles/SimpleLit' not found
Refreshing native plugins compatible for Editor in 0.69 ms, found 2 plugins.
Preloading 0 native plugins for Editor in 0.00 ms.
Unloading 2681 Unused Serialized files (Serialized files now loaded: 0)
System memory in use before: 143.8 MB.
System memory in use after: 144.0 MB.

Unloading 15 unused Assets to reduce memory usage. Loaded Objects now: 3496.
Total: 5.289900 ms (FindLiveObjects: 0.430700 ms CreateObjectMapping: 0.168800 ms MarkObjects: 4.568600 ms  DeleteObjects: 0.119400 ms)

AssetImportParameters requested are different than current active one (requested -> active):
  custom:framework-win-MediaFoundation: 216162199b28c13a410421893ffa2e32 -> 
  custom:video-decoder-ogg-theora: a1e56fd34408186e4bbccfd4996cb3dc -> 
  custom:container-muxer-webm: aa71ff27fc2769a1b78a27578f13a17b -> 
  custom:container-demuxer-webm: 4f35f7cbe854078d1ac9338744f61a02 -> 
  custom:container-demuxer-ogg: 62fdf1f143b41e24485cea50d1cbac27 -> 
  custom:video-encoder-webm-vp8: eb34c28f22e8b96e1ab97ce403110664 -> 
  custom:video-decoder-webm-vp8: 9c59270c3fd7afecdb556c50c9e8de78 -> 
  custom:audio-decoder-ogg-vorbis: bf7c407c2cedff20999df2af8eb42d56 -> 
  custom:audio-encoder-webm-vorbis: bf7c407c2cedff20999df2af8eb42d56 -> 
========================================================================
Received Import Request.
  Time since last request: 180.740640 seconds.
  path: Assets/Textures/download.png
  artifactKey: Guid(89a2e1725ba42044598ab727ab8b5b36) Importer(815301076,1909f56bfc062723c751e8b465ee728b)
Start importing Assets/Textures/download.png using Guid(89a2e1725ba42044598ab727ab8b5b36) Importer(815301076,1909f56bfc062723c751e8b465ee728b)  -> (artifact id: '3bcde92982d310e42f663d43ad07b7e3') in 0.068733 seconds 
  Import took 0.077682 seconds .

========================================================================
Received Import Request.
  Time since last request: 3.888630 seconds.
  path: Assets/Materials/Dilarang Lurus.mat
  artifactKey: Guid(cc549b0343686e24d84279681931ffb4) Importer(815301076,1909f56bfc062723c751e8b465ee728b)
Start importing Assets/Materials/Dilarang Lurus.mat using Guid(cc549b0343686e24d84279681931ffb4) Importer(815301076,1909f56bfc062723c751e8b465ee728b)  -> (artifact id: '5550c67c9fb4511a0c3ee4d551a9de88') in 0.215522 seconds 
  Import took 0.224540 seconds .

========================================================================
Received Import Request.
  Time since last request: 7.446196 seconds.
  path: Assets/Materials/Dilarang Putar Balik.mat
  artifactKey: Guid(2f605c778ce49ce4abf48c2788f1c3d1) Importer(815301076,1909f56bfc062723c751e8b465ee728b)
Start importing Assets/Materials/Dilarang Putar Balik.mat using Guid(2f605c778ce49ce4abf48c2788f1c3d1) Importer(815301076,1909f56bfc062723c751e8b465ee728b)  -> (artifact id: '2f40ec9250c95eba0ffad202bcc71eda') in 0.053170 seconds 
  Import took 0.060652 seconds .

========================================================================
Received Import Request.
  Time since last request: 545.490045 seconds.
  path: Assets/Textures/77437403_c4aaa2b7-3600-4552-abf3-3da0a04055e6_2048_2048.jpeg
  artifactKey: Guid(cefb2d0b76f9ef046aaa9128ff577836) Importer(815301076,1909f56bfc062723c751e8b465ee728b)
Start importing Assets/Textures/77437403_c4aaa2b7-3600-4552-abf3-3da0a04055e6_2048_2048.jpeg using Guid(cefb2d0b76f9ef046aaa9128ff577836) Importer(815301076,1909f56bfc062723c751e8b465ee728b)  -> (artifact id: 'f8126690223fc929582d91f798b27318') in 0.038058 seconds 
  Import took 0.046786 seconds .

========================================================================
Received Import Request.
  Time since last request: 90.142128 seconds.
  path: Assets/Materials/Dilarang Putar Balik.mat
  artifactKey: Guid(2f605c778ce49ce4abf48c2788f1c3d1) Importer(815301076,1909f56bfc062723c751e8b465ee728b)
Start importing Assets/Materials/Dilarang Putar Balik.mat using Guid(2f605c778ce49ce4abf48c2788f1c3d1) Importer(815301076,1909f56bfc062723c751e8b465ee728b)  -> (artifact id: '748c78621914b28ba8b756b81b8d2364') in 0.044941 seconds 
  Import took 0.052603 seconds .

========================================================================
Received Import Request.
  Time since last request: 0.015805 seconds.
  path: Assets/Materials/Dilarang Putar Balik.mat
  artifactKey: Guid(2f605c778ce49ce4abf48c2788f1c3d1) Importer(815301076,1909f56bfc062723c751e8b465ee728b)
Start importing Assets/Materials/Dilarang Putar Balik.mat using Guid(2f605c778ce49ce4abf48c2788f1c3d1) Importer(815301076,1909f56bfc062723c751e8b465ee728b)  -> (artifact id: '748c78621914b28ba8b756b81b8d2364') in 0.038979 seconds 
  Import took 0.046305 seconds .

========================================================================
Received Import Request.
  Time since last request: 6.202841 seconds.
  path: Assets/Materials/Boleh Putar.mat
  artifactKey: Guid(944dee6f159afd9458a180543ac36632) Importer(815301076,1909f56bfc062723c751e8b465ee728b)
Start importing Assets/Materials/Boleh Putar.mat using Guid(944dee6f159afd9458a180543ac36632) Importer(815301076,1909f56bfc062723c751e8b465ee728b)  -> (artifact id: 'dd06c382794131b78d7b6eb0e4d912eb') in 0.052909 seconds 
  Import took 0.060785 seconds .

========================================================================
Received Import Request.
  Time since last request: 144.448882 seconds.
  path: Assets/Materials/Boleh Putar.mat
  artifactKey: Guid(944dee6f159afd9458a180543ac36632) Importer(815301076,1909f56bfc062723c751e8b465ee728b)
Start importing Assets/Materials/Boleh Putar.mat using Guid(944dee6f159afd9458a180543ac36632) Importer(815301076,1909f56bfc062723c751e8b465ee728b)  -> (artifact id: '500706a48675dd23b1d83859b2ebd02a') in 0.042941 seconds 
  Import took 0.051179 seconds .

========================================================================
Received Prepare
Registering precompiled user dll's ...
Registered in 0.006051 seconds.
Begin MonoManager ReloadAssembly
Native extension for WindowsStandalone target not found
Refreshing native plugins compatible for Editor in 0.57 ms, found 2 plugins.
Preloading 0 native plugins for Editor in 0.00 ms.
Mono: successfully reloaded assembly
- Completed reload, in  1.313 seconds
Platform modules already initialized, skipping
Shader 'Universal Render Pipeline/Particles/Lit': fallback shader 'Universal Render Pipeline/Particles/SimpleLit' not found
Refreshing native plugins compatible for Editor in 0.63 ms, found 2 plugins.
Preloading 0 native plugins for Editor in 0.00 ms.
Unloading 2681 Unused Serialized files (Serialized files now loaded: 0)
System memory in use before: 144.0 MB.
System memory in use after: 144.2 MB.

Unloading 15 unused Assets to reduce memory usage. Loaded Objects now: 3535.
Total: 3.511700 ms (FindLiveObjects: 0.351300 ms CreateObjectMapping: 0.157300 ms MarkObjects: 2.894800 ms  DeleteObjects: 0.107100 ms)

AssetImportParameters requested are different than current active one (requested -> active):
  custom:framework-win-MediaFoundation: 216162199b28c13a410421893ffa2e32 -> 
  custom:video-decoder-ogg-theora: a1e56fd34408186e4bbccfd4996cb3dc -> 
  custom:container-muxer-webm: aa71ff27fc2769a1b78a27578f13a17b -> 
  custom:container-demuxer-webm: 4f35f7cbe854078d1ac9338744f61a02 -> 
  custom:container-demuxer-ogg: 62fdf1f143b41e24485cea50d1cbac27 -> 
  custom:video-encoder-webm-vp8: eb34c28f22e8b96e1ab97ce403110664 -> 
  custom:video-decoder-webm-vp8: 9c59270c3fd7afecdb556c50c9e8de78 -> 
  custom:audio-decoder-ogg-vorbis: bf7c407c2cedff20999df2af8eb42d56 -> 
  custom:audio-encoder-webm-vorbis: bf7c407c2cedff20999df2af8eb42d56 -> 
========================================================================
Received Prepare
Registering precompiled user dll's ...
Registered in 0.008805 seconds.
Begin MonoManager ReloadAssembly
Native extension for WindowsStandalone target not found
Refreshing native plugins compatible for Editor in 0.73 ms, found 2 plugins.
Preloading 0 native plugins for Editor in 0.00 ms.
Mono: successfully reloaded assembly
- Completed reload, in  1.777 seconds
Platform modules already initialized, skipping
Shader 'Universal Render Pipeline/Particles/Lit': fallback shader 'Universal Render Pipeline/Particles/SimpleLit' not found
Refreshing native plugins compatible for Editor in 1.12 ms, found 2 plugins.
Preloading 0 native plugins for Editor in 0.00 ms.
Unloading 2681 Unused Serialized files (Serialized files now loaded: 0)
System memory in use before: 144.0 MB.
System memory in use after: 144.2 MB.

Unloading 15 unused Assets to reduce memory usage. Loaded Objects now: 3538.
Total: 5.833100 ms (FindLiveObjects: 0.749000 ms CreateObjectMapping: 0.382000 ms MarkObjects: 4.583100 ms  DeleteObjects: 0.117000 ms)

AssetImportParameters requested are different than current active one (requested -> active):
  custom:framework-win-MediaFoundation: 216162199b28c13a410421893ffa2e32 -> 
  custom:video-decoder-ogg-theora: a1e56fd34408186e4bbccfd4996cb3dc -> 
  custom:container-muxer-webm: aa71ff27fc2769a1b78a27578f13a17b -> 
  custom:container-demuxer-webm: 4f35f7cbe854078d1ac9338744f61a02 -> 
  custom:container-demuxer-ogg: 62fdf1f143b41e24485cea50d1cbac27 -> 
  custom:video-encoder-webm-vp8: eb34c28f22e8b96e1ab97ce403110664 -> 
  custom:video-decoder-webm-vp8: 9c59270c3fd7afecdb556c50c9e8de78 -> 
  custom:audio-decoder-ogg-vorbis: bf7c407c2cedff20999df2af8eb42d56 -> 
  custom:audio-encoder-webm-vorbis: bf7c407c2cedff20999df2af8eb42d56 -> 
========================================================================
Received Prepare
Registering precompiled user dll's ...
Registered in 0.009269 seconds.
Begin MonoManager ReloadAssembly
Native extension for WindowsStandalone target not found
Refreshing native plugins compatible for Editor in 0.67 ms, found 2 plugins.
Preloading 0 native plugins for Editor in 0.00 ms.
Mono: successfully reloaded assembly
- Completed reload, in  1.462 seconds
Platform modules already initialized, skipping
Shader 'Universal Render Pipeline/Particles/Lit': fallback shader 'Universal Render Pipeline/Particles/SimpleLit' not found
Refreshing native plugins compatible for Editor in 0.68 ms, found 2 plugins.
Preloading 0 native plugins for Editor in 0.00 ms.
Unloading 2681 Unused Serialized files (Serialized files now loaded: 0)
System memory in use before: 144.0 MB.
System memory in use after: 144.2 MB.

Unloading 15 unused Assets to reduce memory usage. Loaded Objects now: 3541.
Total: 3.418800 ms (FindLiveObjects: 0.378900 ms CreateObjectMapping: 0.205300 ms MarkObjects: 2.725000 ms  DeleteObjects: 0.107800 ms)

AssetImportParameters requested are different than current active one (requested -> active):
  custom:framework-win-MediaFoundation: 216162199b28c13a410421893ffa2e32 -> 
  custom:video-decoder-ogg-theora: a1e56fd34408186e4bbccfd4996cb3dc -> 
  custom:container-muxer-webm: aa71ff27fc2769a1b78a27578f13a17b -> 
  custom:container-demuxer-webm: 4f35f7cbe854078d1ac9338744f61a02 -> 
  custom:container-demuxer-ogg: 62fdf1f143b41e24485cea50d1cbac27 -> 
  custom:video-encoder-webm-vp8: eb34c28f22e8b96e1ab97ce403110664 -> 
  custom:video-decoder-webm-vp8: 9c59270c3fd7afecdb556c50c9e8de78 -> 
  custom:audio-decoder-ogg-vorbis: bf7c407c2cedff20999df2af8eb42d56 -> 
  custom:audio-encoder-webm-vorbis: bf7c407c2cedff20999df2af8eb42d56 -> 
========================================================================
Received Prepare
Registering precompiled user dll's ...
Registered in 0.005957 seconds.
Begin MonoManager ReloadAssembly
Native extension for WindowsStandalone target not found
Refreshing native plugins compatible for Editor in 0.59 ms, found 2 plugins.
Preloading 0 native plugins for Editor in 0.00 ms.
Mono: successfully reloaded assembly
- Completed reload, in  1.729 seconds
Platform modules already initialized, skipping
Shader 'Universal Render Pipeline/Particles/Lit': fallback shader 'Universal Render Pipeline/Particles/SimpleLit' not found
Refreshing native plugins compatible for Editor in 0.58 ms, found 2 plugins.
Preloading 0 native plugins for Editor in 0.00 ms.
Unloading 2681 Unused Serialized files (Serialized files now loaded: 0)
System memory in use before: 144.0 MB.
System memory in use after: 144.2 MB.

Unloading 15 unused Assets to reduce memory usage. Loaded Objects now: 3544.
Total: 3.353800 ms (FindLiveObjects: 0.426700 ms CreateObjectMapping: 0.193900 ms MarkObjects: 2.623300 ms  DeleteObjects: 0.108600 ms)

AssetImportParameters requested are different than current active one (requested -> active):
  custom:framework-win-MediaFoundation: 216162199b28c13a410421893ffa2e32 -> 
  custom:video-decoder-ogg-theora: a1e56fd34408186e4bbccfd4996cb3dc -> 
  custom:container-muxer-webm: aa71ff27fc2769a1b78a27578f13a17b -> 
  custom:container-demuxer-webm: 4f35f7cbe854078d1ac9338744f61a02 -> 
  custom:container-demuxer-ogg: 62fdf1f143b41e24485cea50d1cbac27 -> 
  custom:video-encoder-webm-vp8: eb34c28f22e8b96e1ab97ce403110664 -> 
  custom:video-decoder-webm-vp8: 9c59270c3fd7afecdb556c50c9e8de78 -> 
  custom:audio-decoder-ogg-vorbis: bf7c407c2cedff20999df2af8eb42d56 -> 
  custom:audio-encoder-webm-vorbis: bf7c407c2cedff20999df2af8eb42d56 -> 
========================================================================
Received Prepare
Registering precompiled user dll's ...
Registered in 0.008682 seconds.
Begin MonoManager ReloadAssembly
Native extension for WindowsStandalone target not found
Refreshing native plugins compatible for Editor in 0.63 ms, found 2 plugins.
Preloading 0 native plugins for Editor in 0.00 ms.
Mono: successfully reloaded assembly
- Completed reload, in  1.625 seconds
Platform modules already initialized, skipping
Shader 'Universal Render Pipeline/Particles/Lit': fallback shader 'Universal Render Pipeline/Particles/SimpleLit' not found
Refreshing native plugins compatible for Editor in 0.90 ms, found 2 plugins.
Preloading 0 native plugins for Editor in 0.00 ms.
Unloading 2681 Unused Serialized files (Serialized files now loaded: 0)
System memory in use before: 144.0 MB.
System memory in use after: 144.2 MB.

Unloading 15 unused Assets to reduce memory usage. Loaded Objects now: 3547.
Total: 6.681400 ms (FindLiveObjects: 0.702100 ms CreateObjectMapping: 0.333800 ms MarkObjects: 5.494700 ms  DeleteObjects: 0.148600 ms)

AssetImportParameters requested are different than current active one (requested -> active):
  custom:framework-win-MediaFoundation: 216162199b28c13a410421893ffa2e32 -> 
  custom:video-decoder-ogg-theora: a1e56fd34408186e4bbccfd4996cb3dc -> 
  custom:container-muxer-webm: aa71ff27fc2769a1b78a27578f13a17b -> 
  custom:container-demuxer-webm: 4f35f7cbe854078d1ac9338744f61a02 -> 
  custom:container-demuxer-ogg: 62fdf1f143b41e24485cea50d1cbac27 -> 
  custom:video-encoder-webm-vp8: eb34c28f22e8b96e1ab97ce403110664 -> 
  custom:video-decoder-webm-vp8: 9c59270c3fd7afecdb556c50c9e8de78 -> 
  custom:audio-decoder-ogg-vorbis: bf7c407c2cedff20999df2af8eb42d56 -> 
  custom:audio-encoder-webm-vorbis: bf7c407c2cedff20999df2af8eb42d56 -> 
========================================================================
Received Prepare
Registering precompiled user dll's ...
Registered in 0.006733 seconds.
Begin MonoManager ReloadAssembly
Native extension for WindowsStandalone target not found
Refreshing native plugins compatible for Editor in 0.59 ms, found 2 plugins.
Preloading 0 native plugins for Editor in 0.00 ms.
Mono: successfully reloaded assembly
- Completed reload, in  1.418 seconds
Platform modules already initialized, skipping
Shader 'Universal Render Pipeline/Particles/Lit': fallback shader 'Universal Render Pipeline/Particles/SimpleLit' not found
Refreshing native plugins compatible for Editor in 0.67 ms, found 2 plugins.
Preloading 0 native plugins for Editor in 0.00 ms.
Unloading 2681 Unused Serialized files (Serialized files now loaded: 0)
System memory in use before: 144.0 MB.
System memory in use after: 144.2 MB.

Unloading 15 unused Assets to reduce memory usage. Loaded Objects now: 3550.
Total: 5.018200 ms (FindLiveObjects: 0.376200 ms CreateObjectMapping: 0.156900 ms MarkObjects: 4.322200 ms  DeleteObjects: 0.161000 ms)

AssetImportParameters requested are different than current active one (requested -> active):
  custom:framework-win-MediaFoundation: 216162199b28c13a410421893ffa2e32 -> 
  custom:video-decoder-ogg-theora: a1e56fd34408186e4bbccfd4996cb3dc -> 
  custom:container-muxer-webm: aa71ff27fc2769a1b78a27578f13a17b -> 
  custom:container-demuxer-webm: 4f35f7cbe854078d1ac9338744f61a02 -> 
  custom:container-demuxer-ogg: 62fdf1f143b41e24485cea50d1cbac27 -> 
  custom:video-encoder-webm-vp8: eb34c28f22e8b96e1ab97ce403110664 -> 
  custom:video-decoder-webm-vp8: 9c59270c3fd7afecdb556c50c9e8de78 -> 
  custom:audio-decoder-ogg-vorbis: bf7c407c2cedff20999df2af8eb42d56 -> 
  custom:audio-encoder-webm-vorbis: bf7c407c2cedff20999df2af8eb42d56 -> 
========================================================================
Received Prepare
Registering precompiled user dll's ...
Registered in 0.010564 seconds.
Begin MonoManager ReloadAssembly
Native extension for WindowsStandalone target not found
Refreshing native plugins compatible for Editor in 0.60 ms, found 2 plugins.
Preloading 0 native plugins for Editor in 0.00 ms.
Mono: successfully reloaded assembly
- Completed reload, in  1.418 seconds
Platform modules already initialized, skipping
Shader 'Universal Render Pipeline/Particles/Lit': fallback shader 'Universal Render Pipeline/Particles/SimpleLit' not found
Refreshing native plugins compatible for Editor in 0.57 ms, found 2 plugins.
Preloading 0 native plugins for Editor in 0.00 ms.
Unloading 2681 Unused Serialized files (Serialized files now loaded: 0)
System memory in use before: 144.0 MB.
System memory in use after: 144.2 MB.

Unloading 15 unused Assets to reduce memory usage. Loaded Objects now: 3553.
Total: 3.415900 ms (FindLiveObjects: 0.345200 ms CreateObjectMapping: 0.149000 ms MarkObjects: 2.816300 ms  DeleteObjects: 0.104000 ms)

AssetImportParameters requested are different than current active one (requested -> active):
  custom:framework-win-MediaFoundation: 216162199b28c13a410421893ffa2e32 -> 
  custom:video-decoder-ogg-theora: a1e56fd34408186e4bbccfd4996cb3dc -> 
  custom:container-muxer-webm: aa71ff27fc2769a1b78a27578f13a17b -> 
  custom:container-demuxer-webm: 4f35f7cbe854078d1ac9338744f61a02 -> 
  custom:container-demuxer-ogg: 62fdf1f143b41e24485cea50d1cbac27 -> 
  custom:video-encoder-webm-vp8: eb34c28f22e8b96e1ab97ce403110664 -> 
  custom:video-decoder-webm-vp8: 9c59270c3fd7afecdb556c50c9e8de78 -> 
  custom:audio-decoder-ogg-vorbis: bf7c407c2cedff20999df2af8eb42d56 -> 
  custom:audio-encoder-webm-vorbis: bf7c407c2cedff20999df2af8eb42d56 -> 
========================================================================
Received Prepare
Registering precompiled user dll's ...
Registered in 0.010304 seconds.
Begin MonoManager ReloadAssembly
Native extension for WindowsStandalone target not found
Refreshing native plugins compatible for Editor in 0.57 ms, found 2 plugins.
Preloading 0 native plugins for Editor in 0.00 ms.
Mono: successfully reloaded assembly
- Completed reload, in  1.433 seconds
Platform modules already initialized, skipping
Shader 'Universal Render Pipeline/Particles/Lit': fallback shader 'Universal Render Pipeline/Particles/SimpleLit' not found
Refreshing native plugins compatible for Editor in 0.58 ms, found 2 plugins.
Preloading 0 native plugins for Editor in 0.00 ms.
Unloading 2681 Unused Serialized files (Serialized files now loaded: 0)
System memory in use before: 144.0 MB.
System memory in use after: 144.2 MB.

Unloading 15 unused Assets to reduce memory usage. Loaded Objects now: 3556.
Total: 3.550500 ms (FindLiveObjects: 0.355500 ms CreateObjectMapping: 0.169200 ms MarkObjects: 2.915300 ms  DeleteObjects: 0.108900 ms)

AssetImportParameters requested are different than current active one (requested -> active):
  custom:framework-win-MediaFoundation: 216162199b28c13a410421893ffa2e32 -> 
  custom:video-decoder-ogg-theora: a1e56fd34408186e4bbccfd4996cb3dc -> 
  custom:container-muxer-webm: aa71ff27fc2769a1b78a27578f13a17b -> 
  custom:container-demuxer-webm: 4f35f7cbe854078d1ac9338744f61a02 -> 
  custom:container-demuxer-ogg: 62fdf1f143b41e24485cea50d1cbac27 -> 
  custom:video-encoder-webm-vp8: eb34c28f22e8b96e1ab97ce403110664 -> 
  custom:video-decoder-webm-vp8: 9c59270c3fd7afecdb556c50c9e8de78 -> 
  custom:audio-decoder-ogg-vorbis: bf7c407c2cedff20999df2af8eb42d56 -> 
  custom:audio-encoder-webm-vorbis: bf7c407c2cedff20999df2af8eb42d56 -> 
========================================================================
Received Prepare
Registering precompiled user dll's ...
Registered in 0.006805 seconds.
Begin MonoManager ReloadAssembly
Native extension for WindowsStandalone target not found
Refreshing native plugins compatible for Editor in 0.84 ms, found 2 plugins.
Preloading 0 native plugins for Editor in 0.00 ms.
Mono: successfully reloaded assembly
- Completed reload, in  1.500 seconds
Platform modules already initialized, skipping
Shader 'Universal Render Pipeline/Particles/Lit': fallback shader 'Universal Render Pipeline/Particles/SimpleLit' not found
Refreshing native plugins compatible for Editor in 0.59 ms, found 2 plugins.
Preloading 0 native plugins for Editor in 0.00 ms.
Unloading 2681 Unused Serialized files (Serialized files now loaded: 0)
System memory in use before: 144.0 MB.
System memory in use after: 144.2 MB.

Unloading 15 unused Assets to reduce memory usage. Loaded Objects now: 3559.
Total: 4.777000 ms (FindLiveObjects: 0.371300 ms CreateObjectMapping: 0.189000 ms MarkObjects: 4.075000 ms  DeleteObjects: 0.140200 ms)

AssetImportParameters requested are different than current active one (requested -> active):
  custom:framework-win-MediaFoundation: 216162199b28c13a410421893ffa2e32 -> 
  custom:video-decoder-ogg-theora: a1e56fd34408186e4bbccfd4996cb3dc -> 
  custom:container-muxer-webm: aa71ff27fc2769a1b78a27578f13a17b -> 
  custom:container-demuxer-webm: 4f35f7cbe854078d1ac9338744f61a02 -> 
  custom:container-demuxer-ogg: 62fdf1f143b41e24485cea50d1cbac27 -> 
  custom:video-encoder-webm-vp8: eb34c28f22e8b96e1ab97ce403110664 -> 
  custom:video-decoder-webm-vp8: 9c59270c3fd7afecdb556c50c9e8de78 -> 
  custom:audio-decoder-ogg-vorbis: bf7c407c2cedff20999df2af8eb42d56 -> 
  custom:audio-encoder-webm-vorbis: bf7c407c2cedff20999df2af8eb42d56 -> 
========================================================================
Received Prepare
Registering precompiled user dll's ...
Registered in 0.007744 seconds.
Begin MonoManager ReloadAssembly
Native extension for WindowsStandalone target not found
Refreshing native plugins compatible for Editor in 0.78 ms, found 2 plugins.
Preloading 0 native plugins for Editor in 0.00 ms.
Mono: successfully reloaded assembly
- Completed reload, in  1.644 seconds
Platform modules already initialized, skipping
Shader 'Universal Render Pipeline/Particles/Lit': fallback shader 'Universal Render Pipeline/Particles/SimpleLit' not found
Refreshing native plugins compatible for Editor in 0.57 ms, found 2 plugins.
Preloading 0 native plugins for Editor in 0.00 ms.
Unloading 2681 Unused Serialized files (Serialized files now loaded: 0)
System memory in use before: 144.0 MB.
System memory in use after: 144.2 MB.

Unloading 15 unused Assets to reduce memory usage. Loaded Objects now: 3562.
Total: 3.639700 ms (FindLiveObjects: 0.375100 ms CreateObjectMapping: 0.164000 ms MarkObjects: 2.954800 ms  DeleteObjects: 0.144400 ms)

AssetImportParameters requested are different than current active one (requested -> active):
  custom:framework-win-MediaFoundation: 216162199b28c13a410421893ffa2e32 -> 
  custom:video-decoder-ogg-theora: a1e56fd34408186e4bbccfd4996cb3dc -> 
  custom:container-muxer-webm: aa71ff27fc2769a1b78a27578f13a17b -> 
  custom:container-demuxer-webm: 4f35f7cbe854078d1ac9338744f61a02 -> 
  custom:container-demuxer-ogg: 62fdf1f143b41e24485cea50d1cbac27 -> 
  custom:video-encoder-webm-vp8: eb34c28f22e8b96e1ab97ce403110664 -> 
  custom:video-decoder-webm-vp8: 9c59270c3fd7afecdb556c50c9e8de78 -> 
  custom:audio-decoder-ogg-vorbis: bf7c407c2cedff20999df2af8eb42d56 -> 
  custom:audio-encoder-webm-vorbis: bf7c407c2cedff20999df2af8eb42d56 -> 
========================================================================
Received Prepare
Registering precompiled user dll's ...
Registered in 0.007756 seconds.
Begin MonoManager ReloadAssembly
Native extension for WindowsStandalone target not found
Refreshing native plugins compatible for Editor in 0.59 ms, found 2 plugins.
Preloading 0 native plugins for Editor in 0.00 ms.
Mono: successfully reloaded assembly
- Completed reload, in  1.641 seconds
Platform modules already initialized, skipping
Shader 'Universal Render Pipeline/Particles/Lit': fallback shader 'Universal Render Pipeline/Particles/SimpleLit' not found
Refreshing native plugins compatible for Editor in 0.58 ms, found 2 plugins.
Preloading 0 native plugins for Editor in 0.00 ms.
Unloading 2681 Unused Serialized files (Serialized files now loaded: 0)
System memory in use before: 144.0 MB.
System memory in use after: 144.2 MB.

Unloading 15 unused Assets to reduce memory usage. Loaded Objects now: 3565.
Total: 3.615900 ms (FindLiveObjects: 0.397700 ms CreateObjectMapping: 0.173600 ms MarkObjects: 2.937900 ms  DeleteObjects: 0.104800 ms)

AssetImportParameters requested are different than current active one (requested -> active):
  custom:framework-win-MediaFoundation: 216162199b28c13a410421893ffa2e32 -> 
  custom:video-decoder-ogg-theora: a1e56fd34408186e4bbccfd4996cb3dc -> 
  custom:container-muxer-webm: aa71ff27fc2769a1b78a27578f13a17b -> 
  custom:container-demuxer-webm: 4f35f7cbe854078d1ac9338744f61a02 -> 
  custom:container-demuxer-ogg: 62fdf1f143b41e24485cea50d1cbac27 -> 
  custom:video-encoder-webm-vp8: eb34c28f22e8b96e1ab97ce403110664 -> 
  custom:video-decoder-webm-vp8: 9c59270c3fd7afecdb556c50c9e8de78 -> 
  custom:audio-decoder-ogg-vorbis: bf7c407c2cedff20999df2af8eb42d56 -> 
  custom:audio-encoder-webm-vorbis: bf7c407c2cedff20999df2af8eb42d56 -> 
========================================================================
Received Prepare
Registering precompiled user dll's ...
Registered in 0.005887 seconds.
Begin MonoManager ReloadAssembly
Native extension for WindowsStandalone target not found
Refreshing native plugins compatible for Editor in 0.81 ms, found 2 plugins.
Preloading 0 native plugins for Editor in 0.00 ms.
Mono: successfully reloaded assembly
- Completed reload, in  2.198 seconds
Platform modules already initialized, skipping
Shader 'Universal Render Pipeline/Particles/Lit': fallback shader 'Universal Render Pipeline/Particles/SimpleLit' not found
Refreshing native plugins compatible for Editor in 0.58 ms, found 2 plugins.
Preloading 0 native plugins for Editor in 0.00 ms.
Unloading 2681 Unused Serialized files (Serialized files now loaded: 0)
System memory in use before: 144.0 MB.
System memory in use after: 144.2 MB.

Unloading 15 unused Assets to reduce memory usage. Loaded Objects now: 3568.
Total: 3.522200 ms (FindLiveObjects: 0.388900 ms CreateObjectMapping: 0.179400 ms MarkObjects: 2.841700 ms  DeleteObjects: 0.110600 ms)

AssetImportParameters requested are different than current active one (requested -> active):
  custom:framework-win-MediaFoundation: 216162199b28c13a410421893ffa2e32 -> 
  custom:video-decoder-ogg-theora: a1e56fd34408186e4bbccfd4996cb3dc -> 
  custom:container-muxer-webm: aa71ff27fc2769a1b78a27578f13a17b -> 
  custom:container-demuxer-webm: 4f35f7cbe854078d1ac9338744f61a02 -> 
  custom:container-demuxer-ogg: 62fdf1f143b41e24485cea50d1cbac27 -> 
  custom:video-encoder-webm-vp8: eb34c28f22e8b96e1ab97ce403110664 -> 
  custom:video-decoder-webm-vp8: 9c59270c3fd7afecdb556c50c9e8de78 -> 
  custom:audio-decoder-ogg-vorbis: bf7c407c2cedff20999df2af8eb42d56 -> 
  custom:audio-encoder-webm-vorbis: bf7c407c2cedff20999df2af8eb42d56 -> 
========================================================================
Received Prepare
Registering precompiled user dll's ...
Registered in 0.007146 seconds.
Begin MonoManager ReloadAssembly
Native extension for WindowsStandalone target not found
Refreshing native plugins compatible for Editor in 0.58 ms, found 2 plugins.
Preloading 0 native plugins for Editor in 0.00 ms.
Mono: successfully reloaded assembly
- Completed reload, in  1.501 seconds
Platform modules already initialized, skipping
Shader 'Universal Render Pipeline/Particles/Lit': fallback shader 'Universal Render Pipeline/Particles/SimpleLit' not found
Refreshing native plugins compatible for Editor in 0.94 ms, found 2 plugins.
Preloading 0 native plugins for Editor in 0.00 ms.
Unloading 2681 Unused Serialized files (Serialized files now loaded: 0)
System memory in use before: 144.0 MB.
System memory in use after: 144.2 MB.

Unloading 15 unused Assets to reduce memory usage. Loaded Objects now: 3571.
Total: 5.215600 ms (FindLiveObjects: 0.903400 ms CreateObjectMapping: 0.283800 ms MarkObjects: 3.886100 ms  DeleteObjects: 0.140600 ms)

AssetImportParameters requested are different than current active one (requested -> active):
  custom:framework-win-MediaFoundation: 216162199b28c13a410421893ffa2e32 -> 
  custom:video-decoder-ogg-theora: a1e56fd34408186e4bbccfd4996cb3dc -> 
  custom:container-muxer-webm: aa71ff27fc2769a1b78a27578f13a17b -> 
  custom:container-demuxer-webm: 4f35f7cbe854078d1ac9338744f61a02 -> 
  custom:container-demuxer-ogg: 62fdf1f143b41e24485cea50d1cbac27 -> 
  custom:video-encoder-webm-vp8: eb34c28f22e8b96e1ab97ce403110664 -> 
  custom:video-decoder-webm-vp8: 9c59270c3fd7afecdb556c50c9e8de78 -> 
  custom:audio-decoder-ogg-vorbis: bf7c407c2cedff20999df2af8eb42d56 -> 
  custom:audio-encoder-webm-vorbis: bf7c407c2cedff20999df2af8eb42d56 -> 
========================================================================
Received Prepare
Registering precompiled user dll's ...
Registered in 0.005770 seconds.
Begin MonoManager ReloadAssembly
Native extension for WindowsStandalone target not found
Refreshing native plugins compatible for Editor in 0.58 ms, found 2 plugins.
Preloading 0 native plugins for Editor in 0.00 ms.
Mono: successfully reloaded assembly
- Completed reload, in  1.327 seconds
Platform modules already initialized, skipping
Shader 'Universal Render Pipeline/Particles/Lit': fallback shader 'Universal Render Pipeline/Particles/SimpleLit' not found
Refreshing native plugins compatible for Editor in 0.57 ms, found 2 plugins.
Preloading 0 native plugins for Editor in 0.00 ms.
Unloading 2681 Unused Serialized files (Serialized files now loaded: 0)
System memory in use before: 144.0 MB.
System memory in use after: 144.2 MB.

Unloading 15 unused Assets to reduce memory usage. Loaded Objects now: 3574.
Total: 3.398300 ms (FindLiveObjects: 0.335400 ms CreateObjectMapping: 0.161000 ms MarkObjects: 2.793600 ms  DeleteObjects: 0.107000 ms)

AssetImportParameters requested are different than current active one (requested -> active):
  custom:framework-win-MediaFoundation: 216162199b28c13a410421893ffa2e32 -> 
  custom:video-decoder-ogg-theora: a1e56fd34408186e4bbccfd4996cb3dc -> 
  custom:container-muxer-webm: aa71ff27fc2769a1b78a27578f13a17b -> 
  custom:container-demuxer-webm: 4f35f7cbe854078d1ac9338744f61a02 -> 
  custom:container-demuxer-ogg: 62fdf1f143b41e24485cea50d1cbac27 -> 
  custom:video-encoder-webm-vp8: eb34c28f22e8b96e1ab97ce403110664 -> 
  custom:video-decoder-webm-vp8: 9c59270c3fd7afecdb556c50c9e8de78 -> 
  custom:audio-decoder-ogg-vorbis: bf7c407c2cedff20999df2af8eb42d56 -> 
  custom:audio-encoder-webm-vorbis: bf7c407c2cedff20999df2af8eb42d56 -> 
========================================================================
Received Prepare
Registering precompiled user dll's ...
Registered in 0.005886 seconds.
Begin MonoManager ReloadAssembly
Native extension for WindowsStandalone target not found
Refreshing native plugins compatible for Editor in 0.64 ms, found 2 plugins.
Preloading 0 native plugins for Editor in 0.00 ms.
Mono: successfully reloaded assembly
- Completed reload, in  1.468 seconds
Platform modules already initialized, skipping
Shader 'Universal Render Pipeline/Particles/Lit': fallback shader 'Universal Render Pipeline/Particles/SimpleLit' not found
Refreshing native plugins compatible for Editor in 0.94 ms, found 2 plugins.
Preloading 0 native plugins for Editor in 0.00 ms.
Unloading 2681 Unused Serialized files (Serialized files now loaded: 0)
System memory in use before: 144.0 MB.
System memory in use after: 144.3 MB.

Unloading 15 unused Assets to reduce memory usage. Loaded Objects now: 3577.
Total: 3.639700 ms (FindLiveObjects: 0.389400 ms CreateObjectMapping: 0.238500 ms MarkObjects: 2.879700 ms  DeleteObjects: 0.130100 ms)

AssetImportParameters requested are different than current active one (requested -> active):
  custom:framework-win-MediaFoundation: 216162199b28c13a410421893ffa2e32 -> 
  custom:video-decoder-ogg-theora: a1e56fd34408186e4bbccfd4996cb3dc -> 
  custom:container-muxer-webm: aa71ff27fc2769a1b78a27578f13a17b -> 
  custom:container-demuxer-webm: 4f35f7cbe854078d1ac9338744f61a02 -> 
  custom:container-demuxer-ogg: 62fdf1f143b41e24485cea50d1cbac27 -> 
  custom:video-encoder-webm-vp8: eb34c28f22e8b96e1ab97ce403110664 -> 
  custom:video-decoder-webm-vp8: 9c59270c3fd7afecdb556c50c9e8de78 -> 
  custom:audio-decoder-ogg-vorbis: bf7c407c2cedff20999df2af8eb42d56 -> 
  custom:audio-encoder-webm-vorbis: bf7c407c2cedff20999df2af8eb42d56 -> 
========================================================================
Received Prepare
Registering precompiled user dll's ...
Registered in 0.006666 seconds.
Begin MonoManager ReloadAssembly
Native extension for WindowsStandalone target not found
Refreshing native plugins compatible for Editor in 0.71 ms, found 2 plugins.
Preloading 0 native plugins for Editor in 0.00 ms.
Mono: successfully reloaded assembly
- Completed reload, in  1.397 seconds
Platform modules already initialized, skipping
Shader 'Universal Render Pipeline/Particles/Lit': fallback shader 'Universal Render Pipeline/Particles/SimpleLit' not found
Refreshing native plugins compatible for Editor in 0.58 ms, found 2 plugins.
Preloading 0 native plugins for Editor in 0.00 ms.
Unloading 2681 Unused Serialized files (Serialized files now loaded: 0)
System memory in use before: 144.1 MB.
System memory in use after: 144.3 MB.

Unloading 15 unused Assets to reduce memory usage. Loaded Objects now: 3580.
Total: 3.458100 ms (FindLiveObjects: 0.426600 ms CreateObjectMapping: 0.183900 ms MarkObjects: 2.742500 ms  DeleteObjects: 0.103700 ms)

AssetImportParameters requested are different than current active one (requested -> active):
  custom:framework-win-MediaFoundation: 216162199b28c13a410421893ffa2e32 -> 
  custom:video-decoder-ogg-theora: a1e56fd34408186e4bbccfd4996cb3dc -> 
  custom:container-muxer-webm: aa71ff27fc2769a1b78a27578f13a17b -> 
  custom:container-demuxer-webm: 4f35f7cbe854078d1ac9338744f61a02 -> 
  custom:container-demuxer-ogg: 62fdf1f143b41e24485cea50d1cbac27 -> 
  custom:video-encoder-webm-vp8: eb34c28f22e8b96e1ab97ce403110664 -> 
  custom:video-decoder-webm-vp8: 9c59270c3fd7afecdb556c50c9e8de78 -> 
  custom:audio-decoder-ogg-vorbis: bf7c407c2cedff20999df2af8eb42d56 -> 
  custom:audio-encoder-webm-vorbis: bf7c407c2cedff20999df2af8eb42d56 -> 
========================================================================
Received Import Request.
  Time since last request: 1819.975932 seconds.
  path: Assets/Scenes/SampleScene.unity
  artifactKey: Guid(9fc0d4010bbf28b4594072e72b8655ab) Importer(815301076,1909f56bfc062723c751e8b465ee728b)
Start importing Assets/Scenes/SampleScene.unity using Guid(9fc0d4010bbf28b4594072e72b8655ab) Importer(815301076,1909f56bfc062723c751e8b465ee728b)  -> (artifact id: '2c58854e50c121163f7cf2c65c918e19') in 0.049545 seconds 
  Import took 0.057522 seconds .

========================================================================
Received Import Request.
  Time since last request: 6.433291 seconds.
  path: Assets/Scenes/Demo Scene.unity
  artifactKey: Guid(9fc0d4010bbf28b4594072e72b8655ab) Importer(815301076,1909f56bfc062723c751e8b465ee728b)
Start importing Assets/Scenes/Demo Scene.unity using Guid(9fc0d4010bbf28b4594072e72b8655ab) Importer(815301076,1909f56bfc062723c751e8b465ee728b)  -> (artifact id: 'e7b48acf8274ea49b7ef5f52396d025c') in 0.021783 seconds 
  Import took 0.030160 seconds .

AssetImportWorkerClient::OnTransportError - code=2 error=End of file
